<?xml version="1.0" encoding="UTF-8"?>
<!-- Generated by org.testng.reporters.JUnitReportReporter -->
<testsuite hostname="MinalKulkarni" failures="0" tests="1" name="TestCases.TC01_AccountRegistrationTest" time="1.458" errors="0" timestamp="27 Dec 2024 12:00:29 GMT" skipped="0">
  <testcase classname="TestCases.TC01_AccountRegistrationTest" name="tc01_accRegister" time="1.458"/>
</testsuite> <!-- TestCases.TC01_AccountRegistrationTest -->
