<?xml version="1.0" encoding="UTF-8"?>
<!-- Generated by org.testng.reporters.JUnitReportReporter -->
<testsuite hostname="MinalKulkarni" failures="0" tests="1" name="TestCases.TC02_LoginTest" time="1.158" errors="0" timestamp="27 Dec 2024 12:00:29 GMT" skipped="0">
  <testcase classname="TestCases.TC02_LoginTest" name="tc01_logintest" time="1.158"/>
</testsuite> <!-- TestCases.TC02_LoginTest -->
